0 info it worked if it ends with ok
1 verbose cli [ 'C:\\Program Files\\nodejs\\node.exe',
1 verbose cli   'C:\\Program Files\\nodejs\\node_modules\\npm\\bin\\npm-cli.js',
1 verbose cli   'run',
1 verbose cli   'lint',
1 verbose cli   '--fix' ]
2 info using npm@3.9.5
3 info using node@v6.2.2
4 verbose run-script [ 'prelint', 'lint', 'postlint' ]
5 info lifecycle mydiary@1.0.0~prelint: mydiary@1.0.0
6 silly lifecycle mydiary@1.0.0~prelint: no script for prelint, continuing
7 info lifecycle mydiary@1.0.0~lint: mydiary@1.0.0
8 verbose lifecycle mydiary@1.0.0~lint: unsafe-perm in lifecycle true
9 verbose lifecycle mydiary@1.0.0~lint: PATH: C:\Program Files\nodejs\node_modules\npm\bin\node-gyp-bin;C:\Users\SamuelPinheiro\Downloads\Udacity\MyDiary\MyDiary\node_modules\.bin;C:\Program Files\nodejs;C:\Users\SamuelPinheiro\AppData\Roaming\npm;C:\Program Files\nodejs\;C:\Program Files (x86)\Common Files\Oracle\Java\javapath;C:\WINDOWS\system32;C:\WINDOWS;C:\WINDOWS\System32\Wbem;C:\WINDOWS\System32\WindowsPowerShell\v1.0\;C:\Program Files\dotnet\;C:\Program Files\Microsoft SQL Server\130\Tools\Binn\;C:\xampp\php;C:\composer;C:\Program Files (x86)\Yarn\bin;C:\Program Files\nodejs\;C:\Program Files\nodejs\node_modules\npm\bin;C:\Users\SamuelPinheiro\AppData\Roaming\npm;C:\Program Files\Git\bin;C:\Users\SamuelPinheiro\node_modules\gulp;;C:\WINDOWS\System32\OpenSSH\;C:\Users\SamuelPinheiro\AppData\Local\Microsoft\WindowsApps;"C:\Program Files\nodejs\node_modules\npm\bin;";C:\Program Files\Microsoft VS Code\bin;C:\Users\SamuelPinheiro\node_modules\gulp;C:\Program Files\MongoDB\Server\4.0\bin;C:\Program Files\heroku\bin
10 verbose lifecycle mydiary@1.0.0~lint: CWD: C:\Users\SamuelPinheiro\Downloads\Udacity\MyDiary\MyDiary
11 silly lifecycle mydiary@1.0.0~lint: Args: [ '/d /s /c', 'eslint server/index.js' ]
12 silly lifecycle mydiary@1.0.0~lint: Returned: code: 1  signal: null
13 info lifecycle mydiary@1.0.0~lint: Failed to exec lint script
14 verbose stack Error: mydiary@1.0.0 lint: `eslint server/index.js`
14 verbose stack Exit status 1
14 verbose stack     at EventEmitter.<anonymous> (C:\Program Files\nodejs\node_modules\npm\lib\utils\lifecycle.js:245:16)
14 verbose stack     at emitTwo (events.js:106:13)
14 verbose stack     at EventEmitter.emit (events.js:191:7)
14 verbose stack     at ChildProcess.<anonymous> (C:\Program Files\nodejs\node_modules\npm\lib\utils\spawn.js:24:14)
14 verbose stack     at emitTwo (events.js:106:13)
14 verbose stack     at ChildProcess.emit (events.js:191:7)
14 verbose stack     at maybeClose (internal/child_process.js:852:16)
14 verbose stack     at Process.ChildProcess._handle.onexit (internal/child_process.js:215:5)
15 verbose pkgid mydiary@1.0.0
16 verbose cwd C:\Users\SamuelPinheiro\Downloads\Udacity\MyDiary\MyDiary
17 error Windows_NT 10.0.17134
18 error argv "C:\\Program Files\\nodejs\\node.exe" "C:\\Program Files\\nodejs\\node_modules\\npm\\bin\\npm-cli.js" "run" "lint" "--fix"
19 error node v6.2.2
20 error npm  v3.9.5
21 error code ELIFECYCLE
22 error mydiary@1.0.0 lint: `eslint server/index.js`
22 error Exit status 1
23 error Failed at the mydiary@1.0.0 lint script 'eslint server/index.js'.
23 error Make sure you have the latest version of node.js and npm installed.
23 error If you do, this is most likely a problem with the mydiary package,
23 error not with npm itself.
23 error Tell the author that this fails on your system:
23 error     eslint server/index.js
23 error You can get information on how to open an issue for this project with:
23 error     npm bugs mydiary
23 error Or if that isn't available, you can get their info via:
23 error     npm owner ls mydiary
23 error There is likely additional logging output above.
24 verbose exit [ 1, true ]
